19:01:49 **** Incremental Build of configuration Nios II for project readmaster ****
make all 
Info: Building ../readmaster_bsp/
C:/intelFPGA_lite/18.1/nios2eds/bin/gnu/H-x86_64-mingw32/bin/make --no-print-directory -C ../readmaster_bsp/
[BSP build complete]
Info: Compiling hello_world.c to obj/default/hello_world.o
nios2-elf-gcc -xc -MP -MMD -c -I../readmaster_bsp//HAL/inc -I../readmaster_bsp/ -I../readmaster_bsp//drivers/inc  -pipe -D__hal__ -DALT_NO_INSTRUCTION_EMULATION -DALT_SINGLE_THREADED    -O0 -g -Wall   -mno-hw-div -mno-hw-mul -mno-hw-mulx -mgpopt=global  -o obj/default/hello_world.o hello_world.c
Info: Linking readmaster.elf
nios2-elf-g++  -T'../readmaster_bsp//linker.x' -msys-crt0='../readmaster_bsp//obj/HAL/src/crt0.o' -msys-lib=hal_bsp -L../readmaster_bsp/   -Wl,-Map=readmaster.map   -O0 -g -Wall   -mno-hw-div -mno-hw-mul -mno-hw-mulx -mgpopt=global  -o readmaster.elf obj/default/hello_world.o -lm -msys-lib=m
nios2-elf-insert readmaster.elf --thread_model hal --cpu_name nios2_gen2_0 --qsys true --simulation_enabled false --stderr_dev jtag_uart_0 --stdin_dev jtag_uart_0 --stdout_dev jtag_uart_0 --sopc_system_name unsaved --quartus_project_dir "C:/intelFPGA_lite/18.1/read_master_test" --jdi ../..//output_files/read_m_test.jdi --sopcinfo C:/intelFPGA_lite/18.1/read_master_test/software/readmaster_bsp/../../unsaved.sopcinfo
Info: (readmaster.elf) 71 KBytes program size (code + initialized data).
Info:                  130993 KBytes free for stack + heap.
Info: Creating readmaster.objdump
nios2-elf-objdump --disassemble --syms --all-header --source readmaster.elf >readmaster.objdump
[readmaster build complete]
19:01:55 **** Incremental Build of configuration Nios II for project readmaster ****
make all 
Info: Building ../readmaster_bsp/
C:/intelFPGA_lite/18.1/nios2eds/bin/gnu/H-x86_64-mingw32/bin/make --no-print-directory -C ../readmaster_bsp/
[BSP build complete]
[readmaster build complete]
14:01:40 **** Incremental Build of configuration Nios II for project readmaster ****
make all 
Info: Building ../readmaster_bsp/
C:/intelFPGA_lite/18.1/nios2eds/bin/gnu/H-x86_64-mingw32/bin/make --no-print-directory -C ../readmaster_bsp/
[BSP build complete]
[readmaster build complete]
