Analysis & Elaboration report for psscrate
Wed Feb 19 12:23:05 2020
Quartus Prime Version 18.1.0 Build 625 09/12/2018 SJ Lite Edition


---------------------
; Table of Contents ;
---------------------
  1. Legal Notice
  2. Analysis & Elaboration Summary
  3. Parallel Compilation
  4. Analysis & Elaboration Settings
  5. Analysis & Elaboration Messages
  6. Analysis & Elaboration Suppressed Messages



----------------
; Legal Notice ;
----------------
Copyright (C) 2018  Intel Corporation. All rights reserved.
Your use of Intel Corporation's design tools, logic functions 
and other software and tools, and its AMPP partner logic 
functions, and any output files from any of the foregoing 
(including device programming or simulation files), and any 
associated documentation or information are expressly subject 
to the terms and conditions of the Intel Program License 
Subscription Agreement, the Intel Quartus Prime License Agreement,
the Intel FPGA IP License Agreement, or other applicable license
agreement, including, without limitation, that your use is for
the sole purpose of programming logic devices manufactured by
Intel and sold by Intel or its authorized distributors.  Please
refer to the applicable agreement for further details.



+----------------------------------------------------------------------------------+
; Analysis & Elaboration Summary                                                   ;
+------------------------------------+---------------------------------------------+
; Analysis & Elaboration Status      ; Successful - Wed Feb 19 12:23:05 2020       ;
; Quartus Prime Version              ; 18.1.0 Build 625 09/12/2018 SJ Lite Edition ;
; Revision Name                      ; psscrate                                    ;
; Top-level Entity Name              ; control_write_logic                         ;
; Family                             ; Cyclone IV E                                ;
; Total logic elements               ; N/A until Partition Merge                   ;
;     Total combinational functions  ; N/A until Partition Merge                   ;
;     Dedicated logic registers      ; N/A until Partition Merge                   ;
; Total registers                    ; N/A until Partition Merge                   ;
; Total pins                         ; N/A until Partition Merge                   ;
; Total virtual pins                 ; N/A until Partition Merge                   ;
; Total memory bits                  ; N/A until Partition Merge                   ;
; Embedded Multiplier 9-bit elements ; N/A until Partition Merge                   ;
; Total PLLs                         ; N/A until Partition Merge                   ;
+------------------------------------+---------------------------------------------+


+------------------------------------------+
; Parallel Compilation                     ;
+----------------------------+-------------+
; Processors                 ; Number      ;
+----------------------------+-------------+
; Number detected on machine ; 8           ;
; Maximum allowed            ; 4           ;
;                            ;             ;
; Average used               ; 1.00        ;
; Maximum used               ; 1           ;
;                            ;             ;
; Usage by Processor         ; % Time Used ;
;     Processor 1            ; 100.0%      ;
+----------------------------+-------------+


+-------------------------------------------------------------------------------------------------------------+
; Analysis & Elaboration Settings                                                                             ;
+------------------------------------------------------------------+---------------------+--------------------+
; Option                                                           ; Setting             ; Default Value      ;
+------------------------------------------------------------------+---------------------+--------------------+
; Device                                                           ; EP4CE115F29C7       ;                    ;
; Top-level entity name                                            ; control_write_logic ; psscrate           ;
; Family name                                                      ; Cyclone IV E        ; Cyclone V          ;
; Use smart compilation                                            ; Off                 ; Off                ;
; Enable parallel Assembler and Timing Analyzer during compilation ; On                  ; On                 ;
; Enable compact report table                                      ; Off                 ; Off                ;
; Restructure Multiplexers                                         ; Auto                ; Auto               ;
; Create Debugging Nodes for IP Cores                              ; Off                 ; Off                ;
; Preserve fewer node names                                        ; On                  ; On                 ;
; Intel FPGA IP Evaluation Mode                                    ; Enable              ; Enable             ;
; Verilog Version                                                  ; Verilog_2001        ; Verilog_2001       ;
; VHDL Version                                                     ; VHDL_1993           ; VHDL_1993          ;
; State Machine Processing                                         ; Auto                ; Auto               ;
; Safe State Machine                                               ; Off                 ; Off                ;
; Extract Verilog State Machines                                   ; On                  ; On                 ;
; Extract VHDL State Machines                                      ; On                  ; On                 ;
; Ignore Verilog initial constructs                                ; Off                 ; Off                ;
; Iteration limit for constant Verilog loops                       ; 5000                ; 5000               ;
; Iteration limit for non-constant Verilog loops                   ; 250                 ; 250                ;
; Add Pass-Through Logic to Inferred RAMs                          ; On                  ; On                 ;
; Infer RAMs from Raw Logic                                        ; On                  ; On                 ;
; Parallel Synthesis                                               ; On                  ; On                 ;
; DSP Block Balancing                                              ; Auto                ; Auto               ;
; NOT Gate Push-Back                                               ; On                  ; On                 ;
; Power-Up Don't Care                                              ; On                  ; On                 ;
; Remove Redundant Logic Cells                                     ; Off                 ; Off                ;
; Remove Duplicate Registers                                       ; On                  ; On                 ;
; Ignore CARRY Buffers                                             ; Off                 ; Off                ;
; Ignore CASCADE Buffers                                           ; Off                 ; Off                ;
; Ignore GLOBAL Buffers                                            ; Off                 ; Off                ;
; Ignore ROW GLOBAL Buffers                                        ; Off                 ; Off                ;
; Ignore LCELL Buffers                                             ; Off                 ; Off                ;
; Ignore SOFT Buffers                                              ; On                  ; On                 ;
; Limit AHDL Integers to 32 Bits                                   ; Off                 ; Off                ;
; Optimization Technique                                           ; Balanced            ; Balanced           ;
; Carry Chain Length                                               ; 70                  ; 70                 ;
; Auto Carry Chains                                                ; On                  ; On                 ;
; Auto Open-Drain Pins                                             ; On                  ; On                 ;
; Perform WYSIWYG Primitive Resynthesis                            ; Off                 ; Off                ;
; Auto ROM Replacement                                             ; On                  ; On                 ;
; Auto RAM Replacement                                             ; On                  ; On                 ;
; Auto DSP Block Replacement                                       ; On                  ; On                 ;
; Auto Shift Register Replacement                                  ; Auto                ; Auto               ;
; Allow Shift Register Merging across Hierarchies                  ; Auto                ; Auto               ;
; Auto Clock Enable Replacement                                    ; On                  ; On                 ;
; Strict RAM Replacement                                           ; Off                 ; Off                ;
; Allow Synchronous Control Signals                                ; On                  ; On                 ;
; Force Use of Synchronous Clear Signals                           ; Off                 ; Off                ;
; Auto RAM Block Balancing                                         ; On                  ; On                 ;
; Auto RAM to Logic Cell Conversion                                ; Off                 ; Off                ;
; Auto Resource Sharing                                            ; Off                 ; Off                ;
; Allow Any RAM Size For Recognition                               ; Off                 ; Off                ;
; Allow Any ROM Size For Recognition                               ; Off                 ; Off                ;
; Allow Any Shift Register Size For Recognition                    ; Off                 ; Off                ;
; Use LogicLock Constraints during Resource Balancing              ; On                  ; On                 ;
; Ignore translate_off and synthesis_off directives                ; Off                 ; Off                ;
; Timing-Driven Synthesis                                          ; On                  ; On                 ;
; Report Parameter Settings                                        ; On                  ; On                 ;
; Report Source Assignments                                        ; On                  ; On                 ;
; Report Connectivity Checks                                       ; On                  ; On                 ;
; Ignore Maximum Fan-Out Assignments                               ; Off                 ; Off                ;
; Synchronization Register Chain Length                            ; 2                   ; 2                  ;
; Power Optimization During Synthesis                              ; Normal compilation  ; Normal compilation ;
; HDL message level                                                ; Level2              ; Level2             ;
; Suppress Register Optimization Related Messages                  ; Off                 ; Off                ;
; Number of Removed Registers Reported in Synthesis Report         ; 5000                ; 5000               ;
; Number of Swept Nodes Reported in Synthesis Report               ; 5000                ; 5000               ;
; Number of Inverted Registers Reported in Synthesis Report        ; 100                 ; 100                ;
; Clock MUX Protection                                             ; On                  ; On                 ;
; Auto Gated Clock Conversion                                      ; Off                 ; Off                ;
; Block Design Naming                                              ; Auto                ; Auto               ;
; SDC constraint protection                                        ; Off                 ; Off                ;
; Synthesis Effort                                                 ; Auto                ; Auto               ;
; Shift Register Replacement - Allow Asynchronous Clear Signal     ; On                  ; On                 ;
; Pre-Mapping Resynthesis Optimization                             ; Off                 ; Off                ;
; Analysis & Synthesis Message Level                               ; Medium              ; Medium             ;
; Disable Register Merging Across Hierarchies                      ; Auto                ; Auto               ;
; Resource Aware Inference For Block RAM                           ; On                  ; On                 ;
+------------------------------------------------------------------+---------------------+--------------------+


+---------------------------------+
; Analysis & Elaboration Messages ;
+---------------------------------+
Info: *******************************************************************
Info: Running Quartus Prime Analysis & Elaboration
    Info: Version 18.1.0 Build 625 09/12/2018 SJ Lite Edition
    Info: Processing started: Wed Feb 19 12:22:52 2020
Info: Command: quartus_map --read_settings_files=on --write_settings_files=off psscrate -c psscrate --analysis_and_elaboration
Warning (18236): Number of processors has not been specified which may cause overloading on shared machines.  Set the global assignment NUM_PARALLEL_PROCESSORS in your QSF to an appropriate value for best performance.
Info (20030): Parallel compilation is enabled and will use 4 of the 4 processors detected
Info (12021): Found 1 design units, including 1 entities, in source file softproc/synthesis/softproc.v
    Info (12023): Found entity 1: softproc File: C:/PSS/project/psscrateinterface/softproc/synthesis/softproc.v Line: 6
Info (12021): Found 1 design units, including 1 entities, in source file softproc/synthesis/submodules/altera_reset_controller.v
    Info (12023): Found entity 1: altera_reset_controller File: C:/PSS/project/psscrateinterface/softproc/synthesis/submodules/altera_reset_controller.v Line: 42
Info (12021): Found 1 design units, including 1 entities, in source file softproc/synthesis/submodules/altera_reset_synchronizer.v
    Info (12023): Found entity 1: altera_reset_synchronizer File: C:/PSS/project/psscrateinterface/softproc/synthesis/submodules/altera_reset_synchronizer.v Line: 24
Info (12021): Found 1 design units, including 1 entities, in source file softproc/synthesis/submodules/softproc_irq_mapper.sv
    Info (12023): Found entity 1: softproc_irq_mapper File: C:/PSS/project/psscrateinterface/softproc/synthesis/submodules/softproc_irq_mapper.sv Line: 31
Info (12021): Found 1 design units, including 1 entities, in source file softproc/synthesis/submodules/softproc_mm_interconnect_0.v
    Info (12023): Found entity 1: softproc_mm_interconnect_0 File: C:/PSS/project/psscrateinterface/softproc/synthesis/submodules/softproc_mm_interconnect_0.v Line: 9
Info (12021): Found 1 design units, including 1 entities, in source file softproc/synthesis/submodules/softproc_mm_interconnect_0_avalon_st_adapter.v
    Info (12023): Found entity 1: softproc_mm_interconnect_0_avalon_st_adapter File: C:/PSS/project/psscrateinterface/softproc/synthesis/submodules/softproc_mm_interconnect_0_avalon_st_adapter.v Line: 9
Info (12021): Found 1 design units, including 1 entities, in source file softproc/synthesis/submodules/softproc_mm_interconnect_0_avalon_st_adapter_error_adapter_0.sv
    Info (12023): Found entity 1: softproc_mm_interconnect_0_avalon_st_adapter_error_adapter_0 File: C:/PSS/project/psscrateinterface/softproc/synthesis/submodules/softproc_mm_interconnect_0_avalon_st_adapter_error_adapter_0.sv Line: 66
Info (12021): Found 1 design units, including 1 entities, in source file softproc/synthesis/submodules/softproc_mm_interconnect_0_rsp_mux.sv
    Info (12023): Found entity 1: softproc_mm_interconnect_0_rsp_mux File: C:/PSS/project/psscrateinterface/softproc/synthesis/submodules/softproc_mm_interconnect_0_rsp_mux.sv Line: 51
Info (12021): Found 2 design units, including 2 entities, in source file softproc/synthesis/submodules/altera_merlin_arbitrator.sv
    Info (12023): Found entity 1: altera_merlin_arbitrator File: C:/PSS/project/psscrateinterface/softproc/synthesis/submodules/altera_merlin_arbitrator.sv Line: 103
    Info (12023): Found entity 2: altera_merlin_arb_adder File: C:/PSS/project/psscrateinterface/softproc/synthesis/submodules/altera_merlin_arbitrator.sv Line: 228
Info (12021): Found 1 design units, including 1 entities, in source file softproc/synthesis/submodules/softproc_mm_interconnect_0_rsp_demux.sv
    Info (12023): Found entity 1: softproc_mm_interconnect_0_rsp_demux File: C:/PSS/project/psscrateinterface/softproc/synthesis/submodules/softproc_mm_interconnect_0_rsp_demux.sv Line: 43
Info (12021): Found 1 design units, including 1 entities, in source file softproc/synthesis/submodules/softproc_mm_interconnect_0_cmd_mux.sv
    Info (12023): Found entity 1: softproc_mm_interconnect_0_cmd_mux File: C:/PSS/project/psscrateinterface/softproc/synthesis/submodules/softproc_mm_interconnect_0_cmd_mux.sv Line: 51
Info (12021): Found 1 design units, including 1 entities, in source file softproc/synthesis/submodules/softproc_mm_interconnect_0_cmd_demux.sv
    Info (12023): Found entity 1: softproc_mm_interconnect_0_cmd_demux File: C:/PSS/project/psscrateinterface/softproc/synthesis/submodules/softproc_mm_interconnect_0_cmd_demux.sv Line: 43
Info (12021): Found 2 design units, including 2 entities, in source file softproc/synthesis/submodules/softproc_mm_interconnect_0_router_002.sv
    Info (12023): Found entity 1: softproc_mm_interconnect_0_router_002_default_decode File: C:/PSS/project/psscrateinterface/softproc/synthesis/submodules/softproc_mm_interconnect_0_router_002.sv Line: 45
    Info (12023): Found entity 2: softproc_mm_interconnect_0_router_002 File: C:/PSS/project/psscrateinterface/softproc/synthesis/submodules/softproc_mm_interconnect_0_router_002.sv Line: 84
Info (12021): Found 2 design units, including 2 entities, in source file softproc/synthesis/submodules/softproc_mm_interconnect_0_router.sv
    Info (12023): Found entity 1: softproc_mm_interconnect_0_router_default_decode File: C:/PSS/project/psscrateinterface/softproc/synthesis/submodules/softproc_mm_interconnect_0_router.sv Line: 45
    Info (12023): Found entity 2: softproc_mm_interconnect_0_router File: C:/PSS/project/psscrateinterface/softproc/synthesis/submodules/softproc_mm_interconnect_0_router.sv Line: 84
Info (12021): Found 1 design units, including 1 entities, in source file softproc/synthesis/submodules/altera_avalon_sc_fifo.v
    Info (12023): Found entity 1: altera_avalon_sc_fifo File: C:/PSS/project/psscrateinterface/softproc/synthesis/submodules/altera_avalon_sc_fifo.v Line: 21
Info (12021): Found 1 design units, including 1 entities, in source file softproc/synthesis/submodules/altera_merlin_slave_agent.sv
    Info (12023): Found entity 1: altera_merlin_slave_agent File: C:/PSS/project/psscrateinterface/softproc/synthesis/submodules/altera_merlin_slave_agent.sv Line: 34
Info (12021): Found 1 design units, including 1 entities, in source file softproc/synthesis/submodules/altera_merlin_burst_uncompressor.sv
    Info (12023): Found entity 1: altera_merlin_burst_uncompressor File: C:/PSS/project/psscrateinterface/softproc/synthesis/submodules/altera_merlin_burst_uncompressor.sv Line: 40
Info (12021): Found 1 design units, including 1 entities, in source file softproc/synthesis/submodules/altera_merlin_master_agent.sv
    Info (12023): Found entity 1: altera_merlin_master_agent File: C:/PSS/project/psscrateinterface/softproc/synthesis/submodules/altera_merlin_master_agent.sv Line: 28
Info (12021): Found 1 design units, including 1 entities, in source file softproc/synthesis/submodules/altera_merlin_slave_translator.sv
    Info (12023): Found entity 1: altera_merlin_slave_translator File: C:/PSS/project/psscrateinterface/softproc/synthesis/submodules/altera_merlin_slave_translator.sv Line: 35
Info (12021): Found 1 design units, including 1 entities, in source file softproc/synthesis/submodules/altera_merlin_master_translator.sv
    Info (12023): Found entity 1: altera_merlin_master_translator File: C:/PSS/project/psscrateinterface/softproc/synthesis/submodules/altera_merlin_master_translator.sv Line: 32
Info (12021): Found 1 design units, including 1 entities, in source file softproc/synthesis/submodules/softproc_sys_sdram_pll_0.v
    Info (12023): Found entity 1: softproc_sys_sdram_pll_0 File: C:/PSS/project/psscrateinterface/softproc/synthesis/submodules/softproc_sys_sdram_pll_0.v Line: 9
Info (12021): Found 1 design units, including 1 entities, in source file softproc/synthesis/submodules/altera_up_avalon_reset_from_locked_signal.v
    Info (12023): Found entity 1: altera_up_avalon_reset_from_locked_signal File: C:/PSS/project/psscrateinterface/softproc/synthesis/submodules/altera_up_avalon_reset_from_locked_signal.v Line: 28
Info (12021): Found 1 design units, including 1 entities, in source file softproc/synthesis/submodules/altera_up_altpll.v
    Info (12023): Found entity 1: altera_up_altpll File: C:/PSS/project/psscrateinterface/softproc/synthesis/submodules/altera_up_altpll.v Line: 29
Info (12021): Found 1 design units, including 1 entities, in source file softproc/synthesis/submodules/softproc_pio_0.v
    Info (12023): Found entity 1: softproc_pio_0 File: C:/PSS/project/psscrateinterface/softproc/synthesis/submodules/softproc_pio_0.v Line: 21
Info (12021): Found 1 design units, including 1 entities, in source file softproc/synthesis/submodules/softproc_onchip_memory2_0.v
    Info (12023): Found entity 1: softproc_onchip_memory2_0 File: C:/PSS/project/psscrateinterface/softproc/synthesis/submodules/softproc_onchip_memory2_0.v Line: 21
Info (12021): Found 1 design units, including 1 entities, in source file softproc/synthesis/submodules/softproc_nios2_gen2_0.v
    Info (12023): Found entity 1: softproc_nios2_gen2_0 File: C:/PSS/project/psscrateinterface/softproc/synthesis/submodules/softproc_nios2_gen2_0.v Line: 9
Info (12021): Found 21 design units, including 21 entities, in source file softproc/synthesis/submodules/softproc_nios2_gen2_0_cpu.v
    Info (12023): Found entity 1: softproc_nios2_gen2_0_cpu_register_bank_a_module File: C:/PSS/project/psscrateinterface/softproc/synthesis/submodules/softproc_nios2_gen2_0_cpu.v Line: 21
    Info (12023): Found entity 2: softproc_nios2_gen2_0_cpu_register_bank_b_module File: C:/PSS/project/psscrateinterface/softproc/synthesis/submodules/softproc_nios2_gen2_0_cpu.v Line: 87
    Info (12023): Found entity 3: softproc_nios2_gen2_0_cpu_nios2_oci_debug File: C:/PSS/project/psscrateinterface/softproc/synthesis/submodules/softproc_nios2_gen2_0_cpu.v Line: 153
    Info (12023): Found entity 4: softproc_nios2_gen2_0_cpu_nios2_oci_break File: C:/PSS/project/psscrateinterface/softproc/synthesis/submodules/softproc_nios2_gen2_0_cpu.v Line: 295
    Info (12023): Found entity 5: softproc_nios2_gen2_0_cpu_nios2_oci_xbrk File: C:/PSS/project/psscrateinterface/softproc/synthesis/submodules/softproc_nios2_gen2_0_cpu.v Line: 588
    Info (12023): Found entity 6: softproc_nios2_gen2_0_cpu_nios2_oci_dbrk File: C:/PSS/project/psscrateinterface/softproc/synthesis/submodules/softproc_nios2_gen2_0_cpu.v Line: 795
    Info (12023): Found entity 7: softproc_nios2_gen2_0_cpu_nios2_oci_itrace File: C:/PSS/project/psscrateinterface/softproc/synthesis/submodules/softproc_nios2_gen2_0_cpu.v Line: 982
    Info (12023): Found entity 8: softproc_nios2_gen2_0_cpu_nios2_oci_td_mode File: C:/PSS/project/psscrateinterface/softproc/synthesis/submodules/softproc_nios2_gen2_0_cpu.v Line: 1115
    Info (12023): Found entity 9: softproc_nios2_gen2_0_cpu_nios2_oci_dtrace File: C:/PSS/project/psscrateinterface/softproc/synthesis/submodules/softproc_nios2_gen2_0_cpu.v Line: 1183
    Info (12023): Found entity 10: softproc_nios2_gen2_0_cpu_nios2_oci_compute_input_tm_cnt File: C:/PSS/project/psscrateinterface/softproc/synthesis/submodules/softproc_nios2_gen2_0_cpu.v Line: 1265
    Info (12023): Found entity 11: softproc_nios2_gen2_0_cpu_nios2_oci_fifo_wrptr_inc File: C:/PSS/project/psscrateinterface/softproc/synthesis/submodules/softproc_nios2_gen2_0_cpu.v Line: 1337
    Info (12023): Found entity 12: softproc_nios2_gen2_0_cpu_nios2_oci_fifo_cnt_inc File: C:/PSS/project/psscrateinterface/softproc/synthesis/submodules/softproc_nios2_gen2_0_cpu.v Line: 1380
    Info (12023): Found entity 13: softproc_nios2_gen2_0_cpu_nios2_oci_fifo File: C:/PSS/project/psscrateinterface/softproc/synthesis/submodules/softproc_nios2_gen2_0_cpu.v Line: 1427
    Info (12023): Found entity 14: softproc_nios2_gen2_0_cpu_nios2_oci_pib File: C:/PSS/project/psscrateinterface/softproc/synthesis/submodules/softproc_nios2_gen2_0_cpu.v Line: 1913
    Info (12023): Found entity 15: softproc_nios2_gen2_0_cpu_nios2_oci_im File: C:/PSS/project/psscrateinterface/softproc/synthesis/submodules/softproc_nios2_gen2_0_cpu.v Line: 1936
    Info (12023): Found entity 16: softproc_nios2_gen2_0_cpu_nios2_performance_monitors File: C:/PSS/project/psscrateinterface/softproc/synthesis/submodules/softproc_nios2_gen2_0_cpu.v Line: 2006
    Info (12023): Found entity 17: softproc_nios2_gen2_0_cpu_nios2_avalon_reg File: C:/PSS/project/psscrateinterface/softproc/synthesis/submodules/softproc_nios2_gen2_0_cpu.v Line: 2023
    Info (12023): Found entity 18: softproc_nios2_gen2_0_cpu_ociram_sp_ram_module File: C:/PSS/project/psscrateinterface/softproc/synthesis/submodules/softproc_nios2_gen2_0_cpu.v Line: 2116
    Info (12023): Found entity 19: softproc_nios2_gen2_0_cpu_nios2_ocimem File: C:/PSS/project/psscrateinterface/softproc/synthesis/submodules/softproc_nios2_gen2_0_cpu.v Line: 2181
    Info (12023): Found entity 20: softproc_nios2_gen2_0_cpu_nios2_oci File: C:/PSS/project/psscrateinterface/softproc/synthesis/submodules/softproc_nios2_gen2_0_cpu.v Line: 2362
    Info (12023): Found entity 21: softproc_nios2_gen2_0_cpu File: C:/PSS/project/psscrateinterface/softproc/synthesis/submodules/softproc_nios2_gen2_0_cpu.v Line: 2834
Info (12021): Found 1 design units, including 1 entities, in source file softproc/synthesis/submodules/softproc_nios2_gen2_0_cpu_debug_slave_sysclk.v
    Info (12023): Found entity 1: softproc_nios2_gen2_0_cpu_debug_slave_sysclk File: C:/PSS/project/psscrateinterface/softproc/synthesis/submodules/softproc_nios2_gen2_0_cpu_debug_slave_sysclk.v Line: 21
Info (12021): Found 1 design units, including 1 entities, in source file softproc/synthesis/submodules/softproc_nios2_gen2_0_cpu_debug_slave_tck.v
    Info (12023): Found entity 1: softproc_nios2_gen2_0_cpu_debug_slave_tck File: C:/PSS/project/psscrateinterface/softproc/synthesis/submodules/softproc_nios2_gen2_0_cpu_debug_slave_tck.v Line: 21
Info (12021): Found 1 design units, including 1 entities, in source file softproc/synthesis/submodules/softproc_nios2_gen2_0_cpu_debug_slave_wrapper.v
    Info (12023): Found entity 1: softproc_nios2_gen2_0_cpu_debug_slave_wrapper File: C:/PSS/project/psscrateinterface/softproc/synthesis/submodules/softproc_nios2_gen2_0_cpu_debug_slave_wrapper.v Line: 21
Info (12021): Found 1 design units, including 1 entities, in source file softproc/synthesis/submodules/softproc_nios2_gen2_0_cpu_test_bench.v
    Info (12023): Found entity 1: softproc_nios2_gen2_0_cpu_test_bench File: C:/PSS/project/psscrateinterface/softproc/synthesis/submodules/softproc_nios2_gen2_0_cpu_test_bench.v Line: 21
Info (12021): Found 2 design units, including 2 entities, in source file softproc/synthesis/submodules/softproc_new_sdram_controller_0.v
    Info (12023): Found entity 1: softproc_new_sdram_controller_0_input_efifo_module File: C:/PSS/project/psscrateinterface/softproc/synthesis/submodules/softproc_new_sdram_controller_0.v Line: 21
    Info (12023): Found entity 2: softproc_new_sdram_controller_0 File: C:/PSS/project/psscrateinterface/softproc/synthesis/submodules/softproc_new_sdram_controller_0.v Line: 159
Info (12021): Found 1 design units, including 1 entities, in source file softproc/synthesis/submodules/custom_master.v
    Info (12023): Found entity 1: custom_master File: C:/PSS/project/psscrateinterface/softproc/synthesis/submodules/custom_master.v Line: 9
Info (12021): Found 1 design units, including 1 entities, in source file softproc/synthesis/submodules/burst_write_master.v
    Info (12023): Found entity 1: burst_write_master File: C:/PSS/project/psscrateinterface/softproc/synthesis/submodules/burst_write_master.v Line: 37
Info (12021): Found 1 design units, including 1 entities, in source file softproc/synthesis/submodules/burst_read_master.v
    Info (12023): Found entity 1: burst_read_master File: C:/PSS/project/psscrateinterface/softproc/synthesis/submodules/burst_read_master.v Line: 36
Info (12021): Found 1 design units, including 1 entities, in source file softproc/synthesis/submodules/write_master.v
    Info (12023): Found entity 1: write_master File: C:/PSS/project/psscrateinterface/softproc/synthesis/submodules/write_master.v Line: 35
Info (12021): Found 1 design units, including 1 entities, in source file softproc/synthesis/submodules/latency_aware_read_master.v
    Info (12023): Found entity 1: latency_aware_read_master File: C:/PSS/project/psscrateinterface/softproc/synthesis/submodules/latency_aware_read_master.v Line: 35
Info (12021): Found 5 design units, including 5 entities, in source file softproc/synthesis/submodules/softproc_jtag_uart_0.v
    Info (12023): Found entity 1: softproc_jtag_uart_0_sim_scfifo_w File: C:/PSS/project/psscrateinterface/softproc/synthesis/submodules/softproc_jtag_uart_0.v Line: 21
    Info (12023): Found entity 2: softproc_jtag_uart_0_scfifo_w File: C:/PSS/project/psscrateinterface/softproc/synthesis/submodules/softproc_jtag_uart_0.v Line: 78
    Info (12023): Found entity 3: softproc_jtag_uart_0_sim_scfifo_r File: C:/PSS/project/psscrateinterface/softproc/synthesis/submodules/softproc_jtag_uart_0.v Line: 164
    Info (12023): Found entity 4: softproc_jtag_uart_0_scfifo_r File: C:/PSS/project/psscrateinterface/softproc/synthesis/submodules/softproc_jtag_uart_0.v Line: 243
    Info (12023): Found entity 5: softproc_jtag_uart_0 File: C:/PSS/project/psscrateinterface/softproc/synthesis/submodules/softproc_jtag_uart_0.v Line: 331
Info (12021): Found 1 design units, including 1 entities, in source file control_write_logic.v
    Info (12023): Found entity 1: control_write_logic File: C:/PSS/project/psscrateinterface/control_write_logic.v Line: 1
Info (12021): Found 1 design units, including 1 entities, in source file block.bdf
    Info (12023): Found entity 1: block
Warning (10037): Verilog HDL or VHDL warning at softproc_new_sdram_controller_0.v(318): conditional expression evaluates to a constant File: C:/PSS/project/psscrateinterface/softproc/synthesis/submodules/softproc_new_sdram_controller_0.v Line: 318
Warning (10037): Verilog HDL or VHDL warning at softproc_new_sdram_controller_0.v(328): conditional expression evaluates to a constant File: C:/PSS/project/psscrateinterface/softproc/synthesis/submodules/softproc_new_sdram_controller_0.v Line: 328
Warning (10037): Verilog HDL or VHDL warning at softproc_new_sdram_controller_0.v(338): conditional expression evaluates to a constant File: C:/PSS/project/psscrateinterface/softproc/synthesis/submodules/softproc_new_sdram_controller_0.v Line: 338
Warning (10037): Verilog HDL or VHDL warning at softproc_new_sdram_controller_0.v(682): conditional expression evaluates to a constant File: C:/PSS/project/psscrateinterface/softproc/synthesis/submodules/softproc_new_sdram_controller_0.v Line: 682
Info (12127): Elaborating entity "control_write_logic" for the top level hierarchy
Warning (10036): Verilog HDL or VHDL warning at control_write_logic.v(48): object "mod" assigned a value but never read File: C:/PSS/project/psscrateinterface/control_write_logic.v Line: 48
Warning (10036): Verilog HDL or VHDL warning at control_write_logic.v(49): object "port_value" assigned a value but never read File: C:/PSS/project/psscrateinterface/control_write_logic.v Line: 49
Warning (10230): Verilog HDL assignment warning at control_write_logic.v(92): truncated value with size 32 to match size of target (25) File: C:/PSS/project/psscrateinterface/control_write_logic.v Line: 92
Warning (10230): Verilog HDL assignment warning at control_write_logic.v(97): truncated value with size 32 to match size of target (25) File: C:/PSS/project/psscrateinterface/control_write_logic.v Line: 97
Warning (10230): Verilog HDL assignment warning at control_write_logic.v(102): truncated value with size 32 to match size of target (25) File: C:/PSS/project/psscrateinterface/control_write_logic.v Line: 102
Warning (10230): Verilog HDL assignment warning at control_write_logic.v(121): truncated value with size 32 to match size of target (25) File: C:/PSS/project/psscrateinterface/control_write_logic.v Line: 121
Warning (10230): Verilog HDL assignment warning at control_write_logic.v(126): truncated value with size 32 to match size of target (25) File: C:/PSS/project/psscrateinterface/control_write_logic.v Line: 126
Warning (10230): Verilog HDL assignment warning at control_write_logic.v(131): truncated value with size 32 to match size of target (25) File: C:/PSS/project/psscrateinterface/control_write_logic.v Line: 131
Warning (10230): Verilog HDL assignment warning at control_write_logic.v(150): truncated value with size 32 to match size of target (25) File: C:/PSS/project/psscrateinterface/control_write_logic.v Line: 150
Warning (10230): Verilog HDL assignment warning at control_write_logic.v(155): truncated value with size 32 to match size of target (25) File: C:/PSS/project/psscrateinterface/control_write_logic.v Line: 155
Warning (10230): Verilog HDL assignment warning at control_write_logic.v(160): truncated value with size 32 to match size of target (25) File: C:/PSS/project/psscrateinterface/control_write_logic.v Line: 160
Warning (20013): Ignored 23 assignments for entity "altera_avalon_sc_fifo" -- entity does not exist in design
Warning (20013): Ignored 64 assignments for entity "altera_merlin_master_agent" -- entity does not exist in design
Warning (20013): Ignored 55 assignments for entity "altera_merlin_master_translator" -- entity does not exist in design
Warning (20013): Ignored 53 assignments for entity "altera_merlin_slave_agent" -- entity does not exist in design
Warning (20013): Ignored 68 assignments for entity "altera_merlin_slave_translator" -- entity does not exist in design
Warning (20013): Ignored 35 assignments for entity "altera_reset_controller" -- entity does not exist in design
Warning (20013): Ignored 19 assignments for entity "softproc" -- entity does not exist in design
Warning (20013): Ignored 14 assignments for entity "softproc_irq_mapper" -- entity does not exist in design
Warning (20013): Ignored 24 assignments for entity "softproc_jtag_uart_0" -- entity does not exist in design
Warning (20013): Ignored 12 assignments for entity "softproc_mm_interconnect_0" -- entity does not exist in design
Warning (20013): Ignored 32 assignments for entity "softproc_mm_interconnect_0_avalon_st_adapter" -- entity does not exist in design
Warning (20013): Ignored 19 assignments for entity "softproc_mm_interconnect_0_avalon_st_adapter_error_adapter_0" -- entity does not exist in design
Warning (20013): Ignored 17 assignments for entity "softproc_mm_interconnect_0_cmd_demux" -- entity does not exist in design
Warning (20013): Ignored 19 assignments for entity "softproc_mm_interconnect_0_cmd_mux" -- entity does not exist in design
Warning (20013): Ignored 36 assignments for entity "softproc_mm_interconnect_0_router" -- entity does not exist in design
Warning (20013): Ignored 36 assignments for entity "softproc_mm_interconnect_0_router_002" -- entity does not exist in design
Warning (20013): Ignored 17 assignments for entity "softproc_mm_interconnect_0_rsp_demux" -- entity does not exist in design
Warning (20013): Ignored 19 assignments for entity "softproc_mm_interconnect_0_rsp_mux" -- entity does not exist in design
Warning (20013): Ignored 34 assignments for entity "softproc_new_sdram_controller_0" -- entity does not exist in design
Warning (20013): Ignored 149 assignments for entity "softproc_nios2_gen2_0" -- entity does not exist in design
Warning (20013): Ignored 179 assignments for entity "softproc_nios2_gen2_0_cpu" -- entity does not exist in design
Warning (20013): Ignored 36 assignments for entity "softproc_onchip_memory2_0" -- entity does not exist in design
Warning (20013): Ignored 26 assignments for entity "softproc_pio_0" -- entity does not exist in design
Info (144001): Generated suppressed messages file C:/PSS/project/psscrateinterface/output_files/psscrate.map.smsg
Info: Quartus Prime Analysis & Elaboration was successful. 0 errors, 39 warnings
    Info: Peak virtual memory: 4731 megabytes
    Info: Processing ended: Wed Feb 19 12:23:05 2020
    Info: Elapsed time: 00:00:13
    Info: Total CPU time (on all processors): 00:00:28


+--------------------------------------------+
; Analysis & Elaboration Suppressed Messages ;
+--------------------------------------------+
The suppressed messages can be found in C:/PSS/project/psscrateinterface/output_files/psscrate.map.smsg.


